{
  "RSpec": {
    "coverage": {
      "/home/damianations/tic-tac-toe-rb-bootcamp-prep-000/lib/tic_tac_toe.rb": [
        null,
        1,
        null,
        null,
        null,
        null,
        null,
        null,
        null,
        null,
        null,
        1,
        23,
        23,
        23,
        23,
        23,
        null,
        null,
        1,
        22,
        null,
        null,
        1,
        21,
        null,
        null,
        1,
        26,
        23,
        null,
        3,
        null,
        null,
        null,
        1,
        22,
        null,
        null,
        1,
        19,
        19,
        19,
        18,
        18,
        null,
        1,
        null,
        null,
        null,
        1,
        20,
        20,
        180,
        30,
        null,
        null,
        20,
        null,
        null,
        1,
        19,
        14,
        null,
        5,
        null,
        null,
        null,
        1,
        47,
        343,
        null,
        14,
        null,
        null,
        33,
        null,
        null,
        1,
        219,
        null,
        null,
        1,
        31,
        4,
        null,
        27,
        null,
        null,
        null,
        1,
        20,
        null,
        null,
        1,
        4,
        3,
        null,
        null,
        null,
        null,
        null,
        1,
        12,
        16,
        16,
        1,
        15,
        0,
        null,
        null,
        null
      ]
    },
    "timestamp": 1601607879
  }
}
