{
  "RSpec": {
    "coverage": {
      "/home/damianations/tic-tac-toe-rb-bootcamp-prep-000/lib/tic_tac_toe.rb": [
        null,
        1,
        null,
        null,
        null,
        null,
        null,
        null,
        null,
        null,
        null,
        1,
        7,
        7,
        7,
        7,
        7,
        null,
        null,
        1,
        6,
        null,
        null,
        1,
        5,
        null,
        null,
        1,
        10,
        7,
        null,
        3,
        null,
        null,
        null,
        1,
        6,
        null,
        null,
        1,
        3,
        3,
        3,
        2,
        2,
        null,
        1,
        null,
        null,
        null,
        1,
        6,
        6,
        54,
        13,
        null,
        null,
        6,
        null,
        null,
        1,
        5,
        3,
        null,
        2,
        null,
        null,
        null,
        1,
        20,
        143,
        null,
        10,
        null,
        null,
        10,
        null,
        null,
        1,
        52,
        null,
        null,
        1,
        7,
        3,
        4,
        2,
        2,
        2,
        null,
        null,
        null,
        1,
        3,
        null,
        null,
        1,
        3,
        2,
        null,
        null,
        null,
        null
      ]
    },
    "timestamp": 1601607002
  }
}
